0 info it worked if it ends with ok
1 verbose cli [ '/usr/bin/node', '/usr/bin/npm', 'install', '-g', 'component' ]
2 info using npm@1.2.24
3 info using node@v0.10.9
4 verbose node symlink /usr/bin/node
5 verbose read json /usr/lib/package.json
6 verbose read json /usr/lib/package.json
7 verbose cache add [ 'component', null ]
8 verbose cache add name=undefined spec="component" args=["component",null]
9 verbose parsed url { protocol: null,
9 verbose parsed url   slashes: null,
9 verbose parsed url   auth: null,
9 verbose parsed url   host: null,
9 verbose parsed url   port: null,
9 verbose parsed url   hostname: null,
9 verbose parsed url   hash: null,
9 verbose parsed url   search: null,
9 verbose parsed url   query: null,
9 verbose parsed url   pathname: 'component',
9 verbose parsed url   path: 'component',
9 verbose parsed url   href: 'component' }
10 silly lockFile 335c4c1e-component component
11 verbose lock component /home/claudio/.npm/335c4c1e-component.lock
12 silly lockFile 335c4c1e-component component
13 silly lockFile 335c4c1e-component component
14 verbose addNamed [ 'component', '' ]
15 verbose addNamed [ null, '' ]
16 silly lockFile fa4251c1-component component@
17 verbose lock component@ /home/claudio/.npm/fa4251c1-component.lock
18 silly addNameRange { name: 'component', range: '', hasData: false }
19 verbose url raw component
20 verbose url resolving [ 'https://registry.npmjs.org/', './component' ]
21 verbose url resolved https://registry.npmjs.org/component
22 info trying registry request attempt 1 at 20:37:59
23 verbose etag "ESJN9I9PKG1W0M1UGOXGN6YOC"
24 http GET https://registry.npmjs.org/component
25 http 304 https://registry.npmjs.org/component
26 silly registry.get cb [ 304,
26 silly registry.get   { server: 'CouchDB/1.3.0 (Erlang OTP/R15B03)',
26 silly registry.get     etag: '"ESJN9I9PKG1W0M1UGOXGN6YOC"',
26 silly registry.get     date: 'Mon, 03 Jun 2013 18:38:01 GMT',
26 silly registry.get     'content-length': '0' } ]
27 verbose etag component from cache
28 silly addNameRange number 2 { name: 'component', range: '', hasData: true }
29 silly addNameRange versions [ 'component',
29 silly addNameRange   [ '0.0.1',
29 silly addNameRange     '0.0.2',
29 silly addNameRange     '0.0.3',
29 silly addNameRange     '0.0.4',
29 silly addNameRange     '0.0.5',
29 silly addNameRange     '0.0.6',
29 silly addNameRange     '0.0.7',
29 silly addNameRange     '0.1.0',
29 silly addNameRange     '0.1.1',
29 silly addNameRange     '0.2.0',
29 silly addNameRange     '0.3.0',
29 silly addNameRange     '0.4.0',
29 silly addNameRange     '0.4.1',
29 silly addNameRange     '0.4.2',
29 silly addNameRange     '0.5.0',
29 silly addNameRange     '0.6.0',
29 silly addNameRange     '0.6.2',
29 silly addNameRange     '0.6.3',
29 silly addNameRange     '0.6.4',
29 silly addNameRange     '0.7.0',
29 silly addNameRange     '0.7.1',
29 silly addNameRange     '0.8.0',
29 silly addNameRange     '0.9.0',
29 silly addNameRange     '0.9.1',
29 silly addNameRange     '0.10.0',
29 silly addNameRange     '0.10.1',
29 silly addNameRange     '0.11.0',
29 silly addNameRange     '0.11.1',
29 silly addNameRange     '0.12.0',
29 silly addNameRange     '0.13.0',
29 silly addNameRange     '0.13.1',
29 silly addNameRange     '0.13.2',
29 silly addNameRange     '0.14.0',
29 silly addNameRange     '0.15.0',
29 silly addNameRange     '0.15.1',
29 silly addNameRange     '0.16.0',
29 silly addNameRange     '0.16.1',
29 silly addNameRange     '0.16.2' ] ]
30 verbose addNamed [ 'component', '0.16.2' ]
31 verbose addNamed [ '0.16.2', '0.16.2' ]
32 silly lockFile 32244f77-component-0-16-2 component@0.16.2
33 verbose lock component@0.16.2 /home/claudio/.npm/32244f77-component-0-16-2.lock
34 silly lockFile 6bbc11e6-g-component-component-0-16-2-tgz https://registry.npmjs.org/component/-/component-0.16.2.tgz
35 verbose lock https://registry.npmjs.org/component/-/component-0.16.2.tgz /home/claudio/.npm/6bbc11e6-g-component-component-0-16-2-tgz.lock
36 verbose addRemoteTarball [ 'https://registry.npmjs.org/component/-/component-0.16.2.tgz',
36 verbose addRemoteTarball   '07096369b32fc467639057f5aaaefc2916b8f704' ]
37 info retry fetch attempt 1 at 20:38:02
38 verbose fetch to= /home/claudio/tmp/npm-11315/1370284682012-0.4582700647879392/tmp.tgz
39 http GET https://registry.npmjs.org/component/-/component-0.16.2.tgz
40 http 200 https://registry.npmjs.org/component/-/component-0.16.2.tgz
41 verbose tar unpack /home/claudio/tmp/npm-11315/1370284682012-0.4582700647879392/tmp.tgz
42 silly lockFile 5a755271-82012-0-4582700647879392-package /home/claudio/tmp/npm-11315/1370284682012-0.4582700647879392/package
43 verbose lock /home/claudio/tmp/npm-11315/1370284682012-0.4582700647879392/package /home/claudio/.npm/5a755271-82012-0-4582700647879392-package.lock
44 silly lockFile 35013d00-82012-0-4582700647879392-tmp-tgz /home/claudio/tmp/npm-11315/1370284682012-0.4582700647879392/tmp.tgz
45 verbose lock /home/claudio/tmp/npm-11315/1370284682012-0.4582700647879392/tmp.tgz /home/claudio/.npm/35013d00-82012-0-4582700647879392-tmp-tgz.lock
46 silly gunzTarPerm modes [ '755', '644' ]
47 silly gunzTarPerm extractEntry package.json
48 silly gunzTarPerm extractEntry .npmignore
49 silly gunzTarPerm extractEntry index.js
50 silly gunzTarPerm extractEntry bin/component-help
51 silly gunzTarPerm extractEntry bin/component
52 silly gunzTarPerm extractEntry bin/component-changes
53 silly gunzTarPerm extractEntry bin/component-convert
54 silly gunzTarPerm extractEntry bin/component-create
55 silly gunzTarPerm extractEntry bin/component-build
56 silly gunzTarPerm extractEntry bin/component-info
57 silly gunzTarPerm extractEntry bin/component-install
58 silly gunzTarPerm extractEntry bin/component-ls
59 silly gunzTarPerm extractEntry bin/component-search
60 silly gunzTarPerm extractEntry bin/component-wiki
61 silly gunzTarPerm extractEntry History.md
62 silly gunzTarPerm extractEntry lib/component.js
63 silly gunzTarPerm extractEntry lib/Package.js
64 silly gunzTarPerm extractEntry lib/utils.js
65 silly gunzTarPerm extractEntry Makefile
66 silly gunzTarPerm extractEntry Readme.md
67 silly gunzTarPerm extractEntry templates/readme.js
68 silly gunzTarPerm extractEntry templates/readme.md
69 verbose read json /home/claudio/tmp/npm-11315/1370284682012-0.4582700647879392/package/package.json
70 warn package.json component@0.16.2 No repository field.
71 silly lockFile 5a755271-82012-0-4582700647879392-package /home/claudio/tmp/npm-11315/1370284682012-0.4582700647879392/package
72 silly lockFile 5a755271-82012-0-4582700647879392-package /home/claudio/tmp/npm-11315/1370284682012-0.4582700647879392/package
73 silly lockFile 35013d00-82012-0-4582700647879392-tmp-tgz /home/claudio/tmp/npm-11315/1370284682012-0.4582700647879392/tmp.tgz
74 silly lockFile 35013d00-82012-0-4582700647879392-tmp-tgz /home/claudio/tmp/npm-11315/1370284682012-0.4582700647879392/tmp.tgz
75 verbose from cache /home/claudio/tmp/npm-11315/1370284682012-0.4582700647879392/package/package.json
76 verbose tar pack [ '/home/claudio/.npm/component/0.16.2/package.tgz',
76 verbose tar pack   '/home/claudio/tmp/npm-11315/1370284682012-0.4582700647879392/package' ]
77 verbose tarball /home/claudio/.npm/component/0.16.2/package.tgz
78 verbose folder /home/claudio/tmp/npm-11315/1370284682012-0.4582700647879392/package
79 silly lockFile 5a755271-82012-0-4582700647879392-package /home/claudio/tmp/npm-11315/1370284682012-0.4582700647879392/package
80 verbose lock /home/claudio/tmp/npm-11315/1370284682012-0.4582700647879392/package /home/claudio/.npm/5a755271-82012-0-4582700647879392-package.lock
81 silly lockFile 8951e4e1-npm-component-0-16-2-package-tgz /home/claudio/.npm/component/0.16.2/package.tgz
82 verbose lock /home/claudio/.npm/component/0.16.2/package.tgz /home/claudio/.npm/8951e4e1-npm-component-0-16-2-package-tgz.lock
83 silly lockFile 5a755271-82012-0-4582700647879392-package /home/claudio/tmp/npm-11315/1370284682012-0.4582700647879392/package
84 silly lockFile 5a755271-82012-0-4582700647879392-package /home/claudio/tmp/npm-11315/1370284682012-0.4582700647879392/package
85 silly lockFile 8951e4e1-npm-component-0-16-2-package-tgz /home/claudio/.npm/component/0.16.2/package.tgz
86 silly lockFile 8951e4e1-npm-component-0-16-2-package-tgz /home/claudio/.npm/component/0.16.2/package.tgz
87 silly lockFile c83b30cf-dio-npm-component-0-16-2-package /home/claudio/.npm/component/0.16.2/package
88 verbose lock /home/claudio/.npm/component/0.16.2/package /home/claudio/.npm/c83b30cf-dio-npm-component-0-16-2-package.lock
89 silly lockFile c83b30cf-dio-npm-component-0-16-2-package /home/claudio/.npm/component/0.16.2/package
90 silly lockFile c83b30cf-dio-npm-component-0-16-2-package /home/claudio/.npm/component/0.16.2/package
91 verbose tar unpack /home/claudio/.npm/component/0.16.2/package.tgz
92 silly lockFile c83b30cf-dio-npm-component-0-16-2-package /home/claudio/.npm/component/0.16.2/package
93 verbose lock /home/claudio/.npm/component/0.16.2/package /home/claudio/.npm/c83b30cf-dio-npm-component-0-16-2-package.lock
94 silly lockFile 8951e4e1-npm-component-0-16-2-package-tgz /home/claudio/.npm/component/0.16.2/package.tgz
95 verbose lock /home/claudio/.npm/component/0.16.2/package.tgz /home/claudio/.npm/8951e4e1-npm-component-0-16-2-package-tgz.lock
96 silly gunzTarPerm modes [ '755', '644' ]
97 silly gunzTarPerm extractEntry package.json
98 silly gunzTarPerm extractEntry .npmignore
99 silly gunzTarPerm extractEntry index.js
100 silly gunzTarPerm extractEntry History.md
101 silly gunzTarPerm extractEntry Makefile
102 silly gunzTarPerm extractEntry Readme.md
103 silly gunzTarPerm extractEntry bin/component-help
104 silly gunzTarPerm extractEntry bin/component
105 silly gunzTarPerm extractEntry bin/component-changes
106 silly gunzTarPerm extractEntry bin/component-convert
107 silly gunzTarPerm extractEntry bin/component-create
108 silly gunzTarPerm extractEntry bin/component-build
109 silly gunzTarPerm extractEntry bin/component-info
110 silly gunzTarPerm extractEntry bin/component-install
111 silly gunzTarPerm extractEntry bin/component-ls
112 silly gunzTarPerm extractEntry bin/component-search
113 silly gunzTarPerm extractEntry bin/component-wiki
114 silly gunzTarPerm extractEntry lib/Package.js
115 silly gunzTarPerm extractEntry lib/component.js
116 silly gunzTarPerm extractEntry lib/utils.js
117 silly gunzTarPerm extractEntry templates/readme.js
118 silly gunzTarPerm extractEntry templates/readme.md
119 verbose read json /home/claudio/.npm/component/0.16.2/package/package.json
120 silly lockFile c83b30cf-dio-npm-component-0-16-2-package /home/claudio/.npm/component/0.16.2/package
121 silly lockFile c83b30cf-dio-npm-component-0-16-2-package /home/claudio/.npm/component/0.16.2/package
122 silly lockFile 8951e4e1-npm-component-0-16-2-package-tgz /home/claudio/.npm/component/0.16.2/package.tgz
123 silly lockFile 8951e4e1-npm-component-0-16-2-package-tgz /home/claudio/.npm/component/0.16.2/package.tgz
124 verbose from cache /home/claudio/.npm/component/0.16.2/package/package.json
125 verbose chmod /home/claudio/.npm/component/0.16.2/package.tgz 644
126 verbose chown /home/claudio/.npm/component/0.16.2/package.tgz [ 1000, 1000 ]
127 silly lockFile 6bbc11e6-g-component-component-0-16-2-tgz https://registry.npmjs.org/component/-/component-0.16.2.tgz
128 silly lockFile 6bbc11e6-g-component-component-0-16-2-tgz https://registry.npmjs.org/component/-/component-0.16.2.tgz
129 silly lockFile 32244f77-component-0-16-2 component@0.16.2
130 silly lockFile 32244f77-component-0-16-2 component@0.16.2
131 silly lockFile fa4251c1-component component@
132 silly lockFile fa4251c1-component component@
133 silly resolved [ { name: 'component',
133 silly resolved     version: '0.16.2',
133 silly resolved     description: 'Component package manager consuming git repositories',
133 silly resolved     keywords: [ 'component', 'package', 'client', 'browser', 'module' ],
133 silly resolved     author: { name: 'TJ Holowaychuk', email: 'tj@vision-media.ca' },
133 silly resolved     dependencies:
133 silly resolved      { commander: '1.0.5',
133 silly resolved        mkdirp: '0.3.4',
133 silly resolved        superagent: '0.10.0',
133 silly resolved        'component-builder': '0.8.2',
133 silly resolved        'string-to-js': '0.0.1',
133 silly resolved        jog: '0.4.0',
133 silly resolved        batch: '0.2.1',
133 silly resolved        'win-fork': '1.0.0',
133 silly resolved        archy: '0.0.2',
133 silly resolved        netrc: '~0.1.0',
133 silly resolved        debug: '*' },
133 silly resolved     devDependencies: { express: '3.0.0', minstache: '0.0.1', mocha: '*', should: '*' },
133 silly resolved     bin:
133 silly resolved      { component: 'bin/component',
133 silly resolved        'component-info': 'bin/component-info',
133 silly resolved        'component-help': 'bin/component-help',
133 silly resolved        'component-install': 'bin/component-install',
133 silly resolved        'component-ls': 'bin/component-ls',
133 silly resolved        'component-convert': 'bin/component-convert',
133 silly resolved        'component-build': 'bin/component-build',
133 silly resolved        'component-search': 'bin/component-search',
133 silly resolved        'component-create': 'bin/component-create',
133 silly resolved        'component-changes': 'bin/component-changes',
133 silly resolved        'component-wiki': 'bin/component-wiki' },
133 silly resolved     main: 'index',
133 silly resolved     engines: { node: '>= 0.8.0' },
133 silly resolved     readme: '  ![web component logo](http://i49.tinypic.com/e7nj9v.png)\n\n  Component package manager for building a better web.\n\n## Installation\n\n  With [node](http://nodejs.org) previously installed:\n\n     $ npm install -g component\n\n  With node binary on OSX:\n\n     $ (cd /usr/local && \\\n        curl -L# http://nodejs.org/dist/v0.8.15/node-v0.8.15-darwin-x86.tar.gz \\\n        | tar -zx --strip 1) \\\n       && npm install -g component \\\n       && printf "installed component(1) %s\\n" $(component --version)\n\n  NOTE: tested with node 0.8.x\n\n## Features\n\n  - write modular commonjs components\n  - write components that include their own styles, images, scripts, or any combo\n  - no registry publishing or account required, uses github repositories\n  - extensible sub-commands via `component-YOURCOMMAND` git-style\n  - component skeleton creation command\n  - installs dependencies from the command-line or ./component.json\n  - avoid name squatting through github\'s naming conventions\n  - build your components with `--standalone` to share them with non-component(1) users\n  - discovery of useful packages is simple with a robust search\n  - view documentation from the command line\n  - simple private registry set up (all you need is a file server)\n  - very fast installs (50 components in ~4.5s)\n  - very fast search (~300ms)\n\n## Links\n\n - [List](https://github.com/component/component/wiki/Components) of all available components\n - [Wiki](https://github.com/component/component/wiki)\n - [Mailing List](https://groups.google.com/group/componentjs)\n - [Google+ Community](https://plus.google.com/u/0/communities/109771441994395167277)\n - component ["spec"](https://github.com/component/component/wiki/Spec)\n - join `#components` on freenode\n - follow [@component_js](http://twitter.com/component_js) on twitter\n - [Building better components](https://github.com/component/component/wiki/Building-better-components) tips\n - [F.A.Q](https://github.com/component/component/wiki/F.A.Q)\n\n## Screencasts\n\n - [Creating web components](https://vimeo.com/53730178)\n - [App integration introduction](https://vimeo.com/48054442)\n\n## Articles\n\n  - building a [date picker component](http://tjholowaychuk.com/post/37832588021/building-a-date-picker-component)\n  - original [component blog post](http://tjholowaychuk.com/post/27984551477/components)\n\n## Usage\n\n Via `--help`:\n\n```\n\nUsage: component <command> [options]\n\nOptions:\n\n  -h, --help     output usage information\n  -V, --version  output the version number\n\nCommands:\n\n  install [name ...]      install one or more components\n  create [dir]            create a component skeleton\n  search [query]          search with the given query\n  convert <file ...>      convert html files to js modules\n  info <name> [prop]      output json component information\n  changes <name>          output changelog contents\n  wiki                    open the components list wiki page\n  build                   build the component\n  ls                      list installed components\n\n```\n\n## Installing packages\n\n  To install one or more packages, simply pass their github\n  repo names as arguments to `component install`. Dependencies\n  are resolved and the component contents are downloaded into\n  `./components` by default. View `component help install` for details.\n\n```\n$ component install component/tip\n\n   install : component/tip@master\n       dep : component/emitter@master\n   install : component/emitter@master\n       dep : component/jquery@master\n   install : component/jquery@master\n     fetch : component/tip:index.js\n     fetch : component/tip:tip.css\n     fetch : component/tip:tip.html\n     fetch : component/emitter:index.js\n     fetch : component/jquery:index.js\n  complete : component/emitter\n  complete : component/jquery\n  complete : component/tip\n```\n\n## Searching for components\n\n  By adding your component to the [Components List](https://github.com/component/component/wiki/Components) wiki page it will become automatically available to `component-search(1)`. When invoked with no query all components are displayed, otherwise a filtered search, ordered by the number of github "stars":\n\n```\n$ component search ui\n\n  component/dialog\n  url: https://github.com/component/dialog\n  desc: Dialog component\n  ★ 12\n\n  component/notification\n  url: https://github.com/component/notification\n  desc: Notification component\n  ★ 10\n\n  component/overlay\n  url: https://github.com/component/overlay\n  desc: Overlay component\n  ★ 7\n\n```\n\n## Using Github as a registry\n\n  By using GitHub as the registry, `component(1)` is automatically\n  available to you without further explicit knowledge or work\n  creating a registry account etc.\n\n  A nice side-effect of this namespaced world is that dependencies\n  are explicit and self-documenting. No longer do you need to query\n  the registry for a "repo" property that may not exist, it\'s simply\n  built in to the package name, for example ["visionmedia/page.js"](https://github.com/visionmedia/page.js) rather\n  than the unclear "page".\n\n  Another benefit of this is that there are zero name collisions, for example\n  you may use "component/tip" for a dependency of "foo", and "someuser/tip"\n  as a dependency of "bar", providing `require(\'tip\')` in each. This prevents\n  obscure or irrelevant naming such as "progress", "progress2", "progress-bar",\n  "progress-component" found in npm.\n\n## Creating a component\n\n  The `component-create(1)` command can create a component\n  project skeleton for you by filling out the prompts. Once\n  this repo is published to Github, you\'re all done!\n\n```\nname: popover\ndescription: Popover UI component\ndoes this component have js? yes\ndoes this component have css? yes\ndoes this component have html? yes\n\n     create : popover\n     create : popover/index.js\n     create : popover/template.html\n     create : popover/popover.css\n     create : popover/Makefile\n     create : popover/Readme.md\n     create : popover/.gitignore\n     create : popover/component.json\n\n```\n\n  A `Makefile` is created for you in order to create a build of the component,\n  complete with installed dependencies simply execute `make`.\n\n## Templates\n\n  Because `component(1)` has no notion of a "template", even simple HTML files\n  should be converted to a `require()`-able module. It is recommended that public\n  components shared within the community use regular HTML templates, and regular\n  CSS stylesheets to maximize contributions, however if you wish to use alternate\n  technologies just make sure to compile them before publishing them to Github.\n\n  For the recommended use-case of regular HTML, the `component-convert(1)` command\n  will translate a regular HTML file to its `require()`-able JavaScript counterpart.\n\n## Developing component(1) sub-commands\n\n  `component(1)` and sub-commands are structured much like `git(1)`,\n  in that sub-commands are simply separate executables. For example\n  `$ component info pkg` and `$ component-info pkg` are equivalent.\n\n  Because of this you\'ll likely want `PATH="./bin:$PATH"` in your\n  profile or session while developing component, otherwise `./bin/component`\n  will have a hard time finding the sub-commands.\n\n## Using private components\n\n  `component(1)` uses [~/.netrc](http://man.cx/netrc(4), like other tools such as [curl](http://man.cx/curl) and [git](http://git-scm.com/), to specify credentials for remote hosts. Simply create a `~/.netrc` file in the home directory:\n\n```\nmachine raw.github.com\n  login visionmedia\n  password pass123\n```\n\n  You may also use [GitHub OAuth Tokens](https://help.github.com/articles/creating-an-oauth-token-for-command-line-use) instead of your username and password. If my token were `testing123` my `~/.netrc` file would look like the following:\n\n```\nmachine raw.github.com\n  login testing123\n  password x-oauth-basic\n```\n\n## Running tests\n\nMake sure dependencies are installed:\n\n```\n$ npm install\n```\n\nThen run:\n\n```\n$ make test\n```\n\n## Contributors\n\n  - TJ Holowaychuk\n  - Guillermo Rauch\n  - Garrett Johnson\n  - Amir Abu Shareb\n  - Adam Sanderson\n  - Matt Mueller\n  - Forbes Lindesay\n  - Arpad Borsos\n  - Dan Williams\n  - Damián Suárez\n  - Tim Oxley\n  - Jeremy Worboys\n  - Nick Jackson\n  - Cameron Bytheway\n\n## Example applications\n\n  Open source application examples:\n\n  - Example using [script tags](https://github.com/component/script-tag-example) for integrating component with existing non-commonjs applications or frameworks\n  - [Todo list](https://github.com/component/todo) example comprised of private and public components\n  - [Component.io](https://github.com/component/component.io) website\n  - [Posty](https://github.com/visionmedia/posty)\n\n## Extensions\n\n - [component-graph(1)](https://github.com/component/component-graph) dependency graphs for component projects\n\n## License\n\n(The MIT License)\n\nCopyright (c) 2012 TJ Holowaychuk &lt;tj@vision-media.ca&gt;\n\nPermission is hereby granted, free of charge, to any person obtaining\na copy of this software and associated documentation files (the\n\'Software\'), to deal in the Software without restriction, including\nwithout limitation the rights to use, copy, modify, merge, publish,\ndistribute, sublicense, and/or sell copies of the Software, and to\npermit persons to whom the Software is furnished to do so, subject to\nthe following conditions:\n\nThe above copyright notice and this permission notice shall be\nincluded in all copies or substantial portions of the Software.\n\nTHE SOFTWARE IS PROVIDED \'AS IS\', WITHOUT WARRANTY OF ANY KIND,\nEXPRESS OR IMPLIED, INCLUDING BUT NOT LIMITED TO THE WARRANTIES OF\nMERCHANTABILITY, FITNESS FOR A PARTICULAR PURPOSE AND NONINFRINGEMENT.\nIN NO EVENT SHALL THE AUTHORS OR COPYRIGHT HOLDERS BE LIABLE FOR ANY\nCLAIM, DAMAGES OR OTHER LIABILITY, WHETHER IN AN ACTION OF CONTRACT,\nTORT OR OTHERWISE, ARISING FROM, OUT OF OR IN CONNECTION WITH THE\nSOFTWARE OR THE USE OR OTHER DEALINGS IN THE SOFTWARE.\n',
133 silly resolved     readmeFilename: 'Readme.md',
133 silly resolved     _id: 'component@0.16.2',
133 silly resolved     dist: { shasum: 'bc128fd590399d4a98823a6638d4aa0c4ae6b1e2' },
133 silly resolved     _from: 'component@',
133 silly resolved     _resolved: 'https://registry.npmjs.org/component/-/component-0.16.2.tgz' } ]
134 info install component@0.16.2 into /usr/lib
135 info installOne component@0.16.2
136 verbose from cache /home/claudio/.npm/component/0.16.2/package/package.json
137 info /usr/lib/node_modules/component unbuild
138 verbose read json /usr/lib/node_modules/component/package.json
139 verbose tar unpack /home/claudio/.npm/component/0.16.2/package.tgz
140 silly lockFile 8345162f-usr-lib-node-modules-component /usr/lib/node_modules/component
141 verbose lock /usr/lib/node_modules/component /home/claudio/.npm/8345162f-usr-lib-node-modules-component.lock
142 silly lockFile 8951e4e1-npm-component-0-16-2-package-tgz /home/claudio/.npm/component/0.16.2/package.tgz
143 verbose lock /home/claudio/.npm/component/0.16.2/package.tgz /home/claudio/.npm/8951e4e1-npm-component-0-16-2-package-tgz.lock
144 silly gunzTarPerm modes [ '755', '644' ]
145 error Error: EACCES, mkdir '/usr/lib/node_modules/component'
145 error  { [Error: EACCES, mkdir '/usr/lib/node_modules/component']
145 error   errno: 3,
145 error   code: 'EACCES',
145 error   path: '/usr/lib/node_modules/component',
145 error   fstream_type: 'Directory',
145 error   fstream_path: '/usr/lib/node_modules/component',
145 error   fstream_class: 'DirWriter',
145 error   fstream_stack:
145 error    [ '/usr/lib/node_modules/npm/node_modules/fstream/lib/dir-writer.js:36:23',
145 error      '/usr/lib/node_modules/npm/node_modules/mkdirp/index.js:37:53',
145 error      'Object.oncomplete (fs.js:107:15)' ] }
146 error Please try running this command again as root/Administrator.
147 error System Linux 3.2.0-34-generic
148 error command "/usr/bin/node" "/usr/bin/npm" "install" "-g" "component"
149 error cwd /home/claudio/plasm-boilerplate
150 error node -v v0.10.9
151 error npm -v 1.2.24
152 error path /usr/lib/node_modules/component
153 error fstream_path /usr/lib/node_modules/component
154 error fstream_type Directory
155 error fstream_class DirWriter
156 error code EACCES
157 error errno 3
158 error stack Error: EACCES, mkdir '/usr/lib/node_modules/component'
159 error fstream_stack /usr/lib/node_modules/npm/node_modules/fstream/lib/dir-writer.js:36:23
159 error fstream_stack /usr/lib/node_modules/npm/node_modules/mkdirp/index.js:37:53
159 error fstream_stack Object.oncomplete (fs.js:107:15)
160 verbose exit [ 3, true ]
